<?xml version="1.0" encoding="UTF-8"?>
<testng-results ignored="0" total="3" passed="3" failed="0" skipped="0">
  <reporter-output>
  </reporter-output>
  <suite started-at="2024-08-19T18:25:12 IST" name="Default suite" finished-at="2024-08-19T18:26:24 IST" duration-ms="71572">
    <groups>
      <group name="cucumber">
        <method signature="AbstractTestNGCucumberTests.runScenario(io.cucumber.testng.PickleWrapper,io.cucumber.testng.FeatureWrapper)[pri:0, instance:testRunner.TestRunner@4dc27487]" name="runScenario" class="io.cucumber.testng.AbstractTestNGCucumberTests"/>
      </group> <!-- cucumber -->
    </groups>
    <test started-at="2024-08-19T18:25:12 IST" name="Default test" finished-at="2024-08-19T18:26:24 IST" duration-ms="71572">
      <class name="testRunner.TestRunner">
        <test-method is-config="true" signature="setUpClass(org.testng.ITestContext)[pri:0, instance:testRunner.TestRunner@4dc27487]" started-at="2024-08-19T18:25:12 IST" name="setUpClass" finished-at="2024-08-19T18:25:13 IST" duration-ms="615" status="PASS">
          <params>
            <param index="0">
              <value>
                <![CDATA[org.testng.TestRunner@1124910c]]>
              </value>
            </param>
          </params>
          <reporter-output>
          </reporter-output>
        </test-method> <!-- setUpClass -->
        <test-method signature="runScenario(io.cucumber.testng.PickleWrapper,io.cucumber.testng.FeatureWrapper)[pri:0, instance:testRunner.TestRunner@4dc27487]" started-at="2024-08-19T18:25:13 IST" name="runScenario" description="Runs Cucumber Scenarios" data-provider="scenarios" finished-at="2024-08-19T18:25:27 IST" duration-ms="14435" status="PASS">
          <params>
            <param index="0">
              <value>
                <![CDATA["Check dietician able to retrieve all patients"]]>
              </value>
            </param>
            <param index="1">
              <value>
                <![CDATA["Get Operation [Get all Patients]"]]>
              </value>
            </param>
          </params>
          <reporter-output>
          </reporter-output>
        </test-method> <!-- runScenario -->
        <test-method signature="runScenario(io.cucumber.testng.PickleWrapper,io.cucumber.testng.FeatureWrapper)[pri:0, instance:testRunner.TestRunner@4dc27487]" started-at="2024-08-19T18:25:27 IST" name="runScenario" description="Runs Cucumber Scenarios" data-provider="scenarios" finished-at="2024-08-19T18:25:56 IST" duration-ms="28918" status="PASS">
          <params>
            <param index="0">
              <value>
                <![CDATA["Check dietician able to retrieve all patient with invalid method"]]>
              </value>
            </param>
            <param index="1">
              <value>
                <![CDATA["Get Operation [Get all Patients]"]]>
              </value>
            </param>
          </params>
          <reporter-output>
          </reporter-output>
        </test-method> <!-- runScenario -->
        <test-method signature="runScenario(io.cucumber.testng.PickleWrapper,io.cucumber.testng.FeatureWrapper)[pri:0, instance:testRunner.TestRunner@4dc27487]" started-at="2024-08-19T18:25:56 IST" name="runScenario" description="Runs Cucumber Scenarios" data-provider="scenarios" finished-at="2024-08-19T18:26:24 IST" duration-ms="27467" status="PASS">
          <params>
            <param index="0">
              <value>
                <![CDATA["Check dietician able to retrieve all patient with invalid endpoint"]]>
              </value>
            </param>
            <param index="1">
              <value>
                <![CDATA["Get Operation [Get all Patients]"]]>
              </value>
            </param>
          </params>
          <reporter-output>
          </reporter-output>
        </test-method> <!-- runScenario -->
        <test-method is-config="true" signature="tearDownClass()[pri:0, instance:testRunner.TestRunner@4dc27487]" started-at="2024-08-19T18:26:24 IST" name="tearDownClass" finished-at="2024-08-19T18:26:24 IST" duration-ms="80" status="PASS">
          <reporter-output>
          </reporter-output>
        </test-method> <!-- tearDownClass -->
      </class> <!-- testRunner.TestRunner -->
    </test> <!-- Default test -->
  </suite> <!-- Default suite -->
</testng-results>
